\BOOKMARK [0][-]{chapter.1}{\376\377\000D\000i\000e\000\040\000R\000e\000l\000e\000v\000a\000n\000z\000\040\000d\000e\000r\000\040\000P\000r\000i\000v\000a\000t\000s\000p\000h\000\344\000r\000e\000\040\000i\000m\000\040\0002\0001\000.\000\040\000J\000a\000h\000r\000h\000u\000n\000d\000e\000r\000t\000\040\000-\000\040\000e\000i\000n\000e\000\040\000E\000i\000n\000l\000e\000i\000t\000u\000n\000g}{}% 1
\BOOKMARK [0][-]{chapter.2}{\376\377\000T\000h\000e\000o\000r\000e\000t\000i\000s\000c\000h\000e\000r\000\040\000H\000i\000n\000t\000e\000r\000g\000r\000u\000n\000d}{}% 2
\BOOKMARK [1][-]{section.2.1}{\376\377\000D\000i\000e\000\040\000P\000r\000i\000v\000a\000t\000s\000p\000h\000\344\000r\000e\000\040\000-\000\040\000e\000i\000n\000e\000\040\000E\000i\000n\000g\000r\000e\000n\000z\000u\000n\000g}{chapter.2}% 3
\BOOKMARK [1][-]{section.2.2}{\376\377\000D\000e\000v\000O\000p\000s}{chapter.2}% 4
\BOOKMARK [2][-]{subsection.2.2.1}{\376\377\000G\000i\000t}{section.2.2}% 5
\BOOKMARK [2][-]{subsection.2.2.2}{\376\377\000P\000r\000o\000j\000e\000k\000t\000m\000a\000n\000a\000g\000e\000m\000e\000n\000t\000t\000o\000o\000l\000s}{section.2.2}% 6
\BOOKMARK [2][-]{subsection.2.2.3}{\376\377\000I\000n\000t\000e\000r\000n\000e\000\040\000K\000o\000m\000m\000u\000n\000i\000k\000a\000t\000i\000o\000n\000s\000t\000o\000o\000l\000s\000\040\000u\000n\000d\000\040\000W\000i\000k\000i\000-\000S\000o\000f\000t\000w\000a\000r\000e}{section.2.2}% 7
\BOOKMARK [1][-]{section.2.3}{\376\377\000S\000t\000a\000k\000e\000h\000o\000l\000d\000e\000r}{chapter.2}% 8
\BOOKMARK [0][-]{chapter.3}{\376\377\000F\000o\000r\000s\000c\000h\000u\000n\000g\000s\000m\000e\000t\000h\000o\000d\000e}{}% 9
\BOOKMARK [1][-]{section.3.1}{\376\377\000D\000e\000f\000i\000n\000i\000t\000i\000o\000n\000\040\000u\000n\000d\000\040\000I\000d\000e\000n\000t\000i\000f\000i\000k\000a\000t\000i\000o\000n\000\040\000d\000e\000r\000\040\000S\000t\000a\000k\000e\000h\000o\000l\000d\000e\000r\000\040\000i\000n\000\040\000e\000i\000n\000e\000m\000\040\000S\000o\000f\000t\000w\000a\000r\000e\000e\000n\000t\000w\000i\000c\000k\000l\000u\000n\000g\000s\000u\000n\000t\000e\000r\000n\000e\000h\000m\000e\000n}{chapter.3}% 10
\BOOKMARK [2][-]{subsection.3.1.1}{\376\377\000B\000e\000r\000u\000f\000s\000e\000i\000n\000s\000t\000e\000i\000g\000e\000r\000,\000\040\000P\000r\000a\000k\000t\000i\000k\000a\000n\000t\000e\000n\000\040\000u\000n\000d\000\040\000W\000e\000r\000k\000s\000t\000u\000d\000e\000n\000t\000e\000n}{section.3.1}% 11
\BOOKMARK [2][-]{subsection.3.1.2}{\376\377\000S\000o\000f\000t\000w\000a\000r\000e\000e\000n\000t\000w\000i\000c\000k\000l\000e\000r}{section.3.1}% 12
\BOOKMARK [2][-]{subsection.3.1.3}{\376\377\000T\000e\000a\000m\000-\000L\000e\000a\000d\000s\000,\000\040\000P\000r\000o\000j\000e\000k\000t\000l\000e\000i\000t\000e\000r\000\040\000\050\000u\000n\000d\000\040\000G\000e\000s\000c\000h\000\344\000f\000t\000s\000f\000\374\000h\000r\000e\000r\000?\000\051}{section.3.1}% 13
\BOOKMARK [2][-]{subsection.3.1.4}{\376\377\000E\000x\000t\000e\000r\000n\000e\000\040\000A\000n\000s\000p\000r\000e\000c\000h\000p\000a\000r\000t\000n\000e\000r}{section.3.1}% 14
\BOOKMARK [1][-]{section.3.2}{\376\377\000D\000e\000v\000O\000p\000s\000\040\000u\000n\000d\000\040\000d\000e\000r\000e\000n\000\040\000E\000i\000n\000s\000a\000t\000z\000\040\000i\000n\000\040\000S\000o\000f\000t\000w\000a\000r\000e\000e\000n\000t\000w\000i\000c\000k\000l\000u\000n\000g\000s\000u\000n\000t\000e\000r\000n\000e\000h\000m\000e\000n}{chapter.3}% 15
\BOOKMARK [2][-]{subsection.3.2.1}{\376\377\000I\000n\000t\000e\000r\000n\000e\000\040\000K\000o\000m\000m\000u\000n\000i\000k\000a\000t\000i\000o\000n\000s\000t\000o\000o\000l\000s}{section.3.2}% 16
\BOOKMARK [2][-]{subsection.3.2.2}{\376\377\000P\000r\000o\000j\000e\000k\000t\000m\000a\000n\000a\000g\000e\000m\000e\000n\000t\000-\000\040\000u\000n\000d\000\040\000W\000i\000k\000i\000-\000S\000o\000f\000t\000w\000a\000r\000e}{section.3.2}% 17
\BOOKMARK [2][-]{subsection.3.2.3}{\376\377\000G\000i\000t}{section.3.2}% 18
\BOOKMARK [1][-]{section.3.3}{\376\377\000A\000k\000t\000u\000e\000l\000l\000e\000r\000\040\000S\000t\000a\000n\000d\000\040\000u\000n\000d\000\040\000T\000e\000c\000h\000n\000o\000l\000o\000g\000i\000e\000n\000?}{chapter.3}% 19
\BOOKMARK [0][-]{chapter.4}{\376\377\000E\000r\000g\000e\000b\000n\000i\000s\000s\000e}{}% 20
\BOOKMARK [0][-]{chapter.5}{\376\377\000D\000i\000s\000k\000u\000s\000s\000i\000o\000n\000\040\000d\000e\000r\000\040\000E\000r\000g\000e\000b\000n\000i\000s\000s\000e}{}% 21
\BOOKMARK [1][-]{section.5.1}{\376\377\000I\000m\000p\000l\000i\000k\000a\000t\000i\000o\000n\000e\000n\000\040\000i\000n\000\040\000d\000e\000r\000\040\000T\000h\000e\000o\000r\000i\000e}{chapter.5}% 22
\BOOKMARK [1][-]{section.5.2}{\376\377\000I\000m\000p\000l\000i\000k\000a\000t\000i\000o\000n\000e\000n\000\040\000i\000n\000\040\000d\000e\000r\000\040\000P\000r\000a\000x\000i\000s}{chapter.5}% 23
\BOOKMARK [1][-]{section.5.3}{\376\377\000L\000i\000m\000i\000t\000a\000t\000i\000o\000n\000\040\000d\000e\000r\000\040\000A\000r\000b\000e\000i\000t}{chapter.5}% 24
\BOOKMARK [0][-]{chapter.6}{\376\377\000F\000a\000z\000i\000t\000\040\000u\000n\000d\000\040\000A\000u\000s\000b\000l\000i\000c\000k}{}% 25
\BOOKMARK [0][-]{appendix*.3}{\376\377\000L\000i\000t\000e\000r\000a\000t\000u\000r\000v\000e\000r\000z\000e\000i\000c\000h\000n\000i\000s}{}% 26
\BOOKMARK [0][-]{appendix*.4}{\376\377\000E\000i\000d\000e\000s\000s\000t\000a\000t\000t\000l\000i\000c\000h\000e\000\040\000E\000r\000k\000l\000\344\000r\000u\000n\000g}{}% 27
